{"C:\\Users\\Lenovo\\OneDrive\\Documents\\Front End\\Astro\\jest-testing\\src\\components\\Button.tsx": {"path":"C:\\Users\\Lenovo\\OneDrive\\Documents\\Front End\\Astro\\jest-testing\\src\\components\\Button.tsx","statementMap":{"0":{"start":{"line":3,"column":2},"end":{"line":3,"column":24}},"1":{"start":{"line":6,"column":0},"end":{"line":6,"column":22}}},"fnMap":{"0":{"name":"Button","decl":{"start":{"line":2,"column":9},"end":{"line":2,"column":15}},"loc":{"start":{"line":2,"column":15},"end":{"line":4,"column":1}}}},"branchMap":{},"s":{"0":1,"1":1},"f":{"0":1},"b":{}}
}
